# JRE version: OpenJDK Runtime Environment (8.0_242) (build 1.8.0_242-release-1644-b3-6222593)
# Java VM: OpenJDK 64-Bit Server VM (25.242-b3-6222593 mixed mode linux-amd64 compressed oops)
Heap:
 PSYoungGen      total 459776K, used 452011K [0x00000000d5580000, 0x00000000fe600000, 0x0000000100000000)
  eden space 434688K, 98% used [0x00000000d5580000,0x00000000ef66af70,0x00000000efe00000)
  from space 25088K, 99% used [0x00000000efe00000,0x00000000f167ff48,0x00000000f1680000)
  to   space 29696K, 0% used [0x00000000fc900000,0x00000000fc900000,0x00000000fe600000)
 ParOldGen       total 138752K, used 40461K [0x0000000080000000, 0x0000000088780000, 0x00000000d5580000)
  object space 138752K, 29% used [0x0000000080000000,0x0000000082783450,0x0000000088780000)
 Metaspace       used 76182K, capacity 79976K, committed 80152K, reserved 1118208K
  class space    used 10101K, capacity 10787K, committed 10792K, reserved 1048576K
GC Heap History (10 events):
Event: 2,741 GC heap before
{Heap before GC invocations=8 (full 2):
 PSYoungGen      total 258560K, used 8597K [0x00000000d5580000, 0x00000000e6280000, 0x0000000100000000)
  eden space 244736K, 0% used [0x00000000d5580000,0x00000000d5580000,0x00000000e4480000)
  from space 13824K, 62% used [0x00000000e5500000,0x00000000e5d657f0,0x00000000e6280000)
  to   space 15360K, 0% used [0x00000000e4480000,0x00000000e4480000,0x00000000e5380000)
 ParOldGen       total 77312K, used 10145K [0x0000000080000000, 0x0000000084b80000, 0x00000000d5580000)
  object space 77312K, 13% used [0x0000000080000000,0x00000000809e8428,0x0000000084b80000)
 Metaspace       used 34218K, capacity 35370K, committed 35496K, reserved 1079296K
  class space    used 4703K, capacity 4944K, committed 5032K, reserved 1048576K
Event: 2,768 GC heap after
Heap after GC invocations=8 (full 2):
 PSYoungGen      total 258560K, used 0K [0x00000000d5580000, 0x00000000e6280000, 0x0000000100000000)
  eden space 244736K, 0% used [0x00000000d5580000,0x00000000d5580000,0x00000000e4480000)
  from space 13824K, 0% used [0x00000000e5500000,0x00000000e5500000,0x00000000e6280000)
  to   space 15360K, 0% used [0x00000000e4480000,0x00000000e4480000,0x00000000e5380000)
 ParOldGen       total 98304K, used 14830K [0x0000000080000000, 0x0000000086000000, 0x00000000d5580000)
  object space 98304K, 15% used [0x0000000080000000,0x0000000080e7b8e0,0x0000000086000000)
 Metaspace       used 34218K, capacity 35370K, committed 35496K, reserved 1079296K
  class space    used 4703K, capacity 4944K, committed 5032K, reserved 1048576K
}
Event: 5,807 GC heap before
{Heap before GC invocations=9 (full 2):
 PSYoungGen      total 258560K, used 244736K [0x00000000d5580000, 0x00000000e6280000, 0x0000000100000000)
  eden space 244736K, 100% used [0x00000000d5580000,0x00000000e4480000,0x00000000e4480000)
  from space 13824K, 0% used [0x00000000e5500000,0x00000000e5500000,0x00000000e6280000)
  to   space 15360K, 0% used [0x00000000e4480000,0x00000000e4480000,0x00000000e5380000)
 ParOldGen       total 98304K, used 14830K [0x0000000080000000, 0x0000000086000000, 0x00000000d5580000)
  object space 98304K, 15% used [0x0000000080000000,0x0000000080e7b8e0,0x0000000086000000)
 Metaspace       used 47124K, capacity 49070K, committed 49320K, reserved 1091584K
  class space    used 6365K, capacity 6769K, committed 6824K, reserved 1048576K
Event: 5,816 GC heap after
Heap after GC invocations=9 (full 2):
 PSYoungGen      total 260096K, used 15359K [0x00000000d5580000, 0x00000000f2c00000, 0x0000000100000000)
  eden space 244736K, 0% used [0x00000000d5580000,0x00000000d5580000,0x00000000e4480000)
  from space 15360K, 99% used [0x00000000e4480000,0x00000000e537fe20,0x00000000e5380000)
  to   space 18944K, 0% used [0x00000000f1980000,0x00000000f1980000,0x00000000f2c00000)
 ParOldGen       total 98304K, used 18486K [0x0000000080000000, 0x0000000086000000, 0x00000000d5580000)
  object space 98304K, 18% used [0x0000000080000000,0x000000008120d900,0x0000000086000000)
 Metaspace       used 47124K, capacity 49070K, committed 49320K, reserved 1091584K
  class space    used 6365K, capacity 6769K, committed 6824K, reserved 1048576K
}
Event: 6,895 GC heap before
{Heap before GC invocations=10 (full 2):
 PSYoungGen      total 260096K, used 175356K [0x00000000d5580000, 0x00000000f2c00000, 0x0000000100000000)
  eden space 244736K, 65% used [0x00000000d5580000,0x00000000df1bf550,0x00000000e4480000)
  from space 15360K, 99% used [0x00000000e4480000,0x00000000e537fe20,0x00000000e5380000)
  to   space 18944K, 0% used [0x00000000f1980000,0x00000000f1980000,0x00000000f2c00000)
 ParOldGen       total 98304K, used 18486K [0x0000000080000000, 0x0000000086000000, 0x00000000d5580000)
  object space 98304K, 18% used [0x0000000080000000,0x000000008120d900,0x0000000086000000)
 Metaspace       used 56682K, capacity 59070K, committed 59160K, reserved 1099776K
  class space    used 7758K, capacity 8218K, committed 8232K, reserved 1048576K
Event: 6,909 GC heap after
Heap after GC invocations=10 (full 2):
 PSYoungGen      total 453632K, used 18924K [0x00000000d5580000, 0x00000000f2f00000, 0x0000000100000000)
  eden space 434688K, 0% used [0x00000000d5580000,0x00000000d5580000,0x00000000efe00000)
  from space 18944K, 99% used [0x00000000f1980000,0x00000000f2bfb310,0x00000000f2c00000)
  to   space 25088K, 0% used [0x00000000efe00000,0x00000000efe00000,0x00000000f1680000)
 ParOldGen       total 98304K, used 26480K [0x0000000080000000, 0x0000000086000000, 0x00000000d5580000)
  object space 98304K, 26% used [0x0000000080000000,0x00000000819dc370,0x0000000086000000)
 Metaspace       used 56682K, capacity 59070K, committed 59160K, reserved 1099776K
  class space    used 7758K, capacity 8218K, committed 8232K, reserved 1048576K
}
Event: 6,909 GC heap before
{Heap before GC invocations=11 (full 3):
 PSYoungGen      total 453632K, used 18924K [0x00000000d5580000, 0x00000000f2f00000, 0x0000000100000000)
  eden space 434688K, 0% used [0x00000000d5580000,0x00000000d5580000,0x00000000efe00000)
  from space 18944K, 99% used [0x00000000f1980000,0x00000000f2bfb310,0x00000000f2c00000)
  to   space 25088K, 0% used [0x00000000efe00000,0x00000000efe00000,0x00000000f1680000)
 ParOldGen       total 98304K, used 26480K [0x0000000080000000, 0x0000000086000000, 0x00000000d5580000)
  object space 98304K, 26% used [0x0000000080000000,0x00000000819dc370,0x0000000086000000)
 Metaspace       used 56682K, capacity 59070K, committed 59160K, reserved 1099776K
  class space    used 7758K, capacity 8218K, committed 8232K, reserved 1048576K
Event: 7,030 GC heap after
Heap after GC invocations=11 (full 3):
 PSYoungGen      total 453632K, used 0K [0x00000000d5580000, 0x00000000f2f00000, 0x0000000100000000)
  eden space 434688K, 0% used [0x00000000d5580000,0x00000000d5580000,0x00000000efe00000)
  from space 18944K, 0% used [0x00000000f1980000,0x00000000f1980000,0x00000000f2c00000)
  to   space 25088K, 0% used [0x00000000efe00000,0x00000000efe00000,0x00000000f1680000)
 ParOldGen       total 138752K, used 38658K [0x0000000080000000, 0x0000000088780000, 0x00000000d5580000)
  object space 138752K, 27% used [0x0000000080000000,0x00000000825c0b50,0x0000000088780000)
 Metaspace       used 56643K, capacity 58938K, committed 59160K, reserved 1099776K
  class space    used 7746K, capacity 8196K, committed 8232K, reserved 1048576K
}
Event: 14,612 GC heap before
{Heap before GC invocations=12 (full 3):
 PSYoungGen      total 453632K, used 434688K [0x00000000d5580000, 0x00000000f2f00000, 0x0000000100000000)
  eden space 434688K, 100% used [0x00000000d5580000,0x00000000efe00000,0x00000000efe00000)
  from space 18944K, 0% used [0x00000000f1980000,0x00000000f1980000,0x00000000f2c00000)
  to   space 25088K, 0% used [0x00000000efe00000,0x00000000efe00000,0x00000000f1680000)
 ParOldGen       total 138752K, used 38658K [0x0000000080000000, 0x0000000088780000, 0x00000000d5580000)
  object space 138752K, 27% used [0x0000000080000000,0x00000000825c0b50,0x0000000088780000)
 Metaspace       used 67784K, capacity 71216K, committed 71448K, reserved 1110016K
  class space    used 9334K, capacity 9979K, committed 10024K, reserved 1048576K
Event: 14,625 GC heap after
Heap after GC invocations=12 (full 3):
 PSYoungGen      total 459776K, used 25087K [0x00000000d5580000, 0x00000000fe600000, 0x0000000100000000)
  eden space 434688K, 0% used [0x00000000d5580000,0x00000000d5580000,0x00000000efe00000)
  from space 25088K, 99% used [0x00000000efe00000,0x00000000f167ff48,0x00000000f1680000)
  to   space 29696K, 0% used [0x00000000fc900000,0x00000000fc900000,0x00000000fe600000)
 ParOldGen       total 138752K, used 40461K [0x0000000080000000, 0x0000000088780000, 0x00000000d5580000)
  object space 138752K, 29% used [0x0000000080000000,0x0000000082783450,0x0000000088780000)
 Metaspace       used 67784K, capacity 71216K, committed 71448K, reserved 1110016K
  class space    used 9334K, capacity 9979K, committed 10024K, reserved 1048576K
}

